{
  "RSpec": {
    "coverage": {
      "/Users/matthammond/Takeaway_Project/spec/customer_order_spec.rb": {
        "lines": [
          1
        ]
      },
      "/Users/matthammond/Takeaway_Project/lib/customer_order.rb": {
        "lines": [
          1,
          1,
          2,
          null,
          null,
          1,
          25,
          null,
          null,
          1,
          1,
          null,
          null,
          1,
          1,
          null,
          null,
          null,
          null,
          1,
          4,
          null,
          null,
          1,
          4,
          null,
          null
        ]
      },
      "/Users/matthammond/Takeaway_Project/spec/delivery_time_text_spec.rb": {
        "lines": [

        ]
      },
      "/Users/matthammond/Takeaway_Project/spec/integration_spec.rb": {
        "lines": [
          1,
          1,
          1,
          null,
          1,
          1,
          1,
          1,
          1,
          1,
          1,
          1,
          1,
          1,
          1,
          1,
          1,
          1,
          1,
          1,
          null,
          null,
          1,
          1,
          1,
          1,
          1,
          1,
          1,
          1,
          1,
          1,
          1,
          1,
          1,
          1,
          1,
          null,
          null,
          null
        ]
      },
      "/Users/matthammond/Takeaway_Project/lib/menu_item.rb": {
        "lines": [
          1,
          1,
          48,
          48,
          3,
          45,
          3,
          145,
          4,
          38,
          4,
          null,
          34,
          null,
          null,
          null,
          null,
          1,
          1,
          null,
          null,
          1,
          31,
          null,
          null,
          1,
          14,
          null,
          null,
          1,
          21,
          null,
          null,
          1,
          1,
          null,
          null
        ]
      },
      "/Users/matthammond/Takeaway_Project/lib/menu.rb": {
        "lines": [
          1,
          1,
          9,
          null,
          null,
          1,
          7,
          null,
          null,
          1,
          30,
          29,
          null,
          null,
          1,
          1,
          null,
          null,
          1,
          8,
          25,
          5,
          null,
          null,
          1,
          1,
          null,
          null,
          null,
          null,
          1,
          12,
          null,
          null
        ]
      },
      "/Users/matthammond/Takeaway_Project/spec/menu_item_spec.rb": {
        "lines": [
          1,
          null,
          1,
          1,
          1,
          1,
          1,
          null,
          null,
          1,
          1,
          1,
          null,
          null,
          1,
          1,
          1,
          null,
          null,
          1,
          1,
          1,
          null,
          null,
          1,
          1,
          1,
          null,
          null,
          null,
          1,
          1,
          2,
          2,
          2,
          null,
          null,
          1,
          2,
          2,
          2,
          null,
          null,
          1,
          2,
          2,
          2,
          2,
          null,
          null,
          1,
          2,
          2,
          2,
          2,
          null,
          null,
          null
        ]
      },
      "/Users/matthammond/Takeaway_Project/spec/menu_spec.rb": {
        "lines": [
          1,
          null,
          1,
          1,
          1,
          null,
          null,
          null,
          null,
          null,
          null,
          null,
          null,
          null,
          null,
          null,
          1,
          1,
          1,
          1,
          1,
          1,
          1,
          1,
          1,
          1,
          null,
          null,
          1,
          null,
          null,
          null,
          null,
          null,
          null,
          null,
          null,
          null,
          null,
          null,
          null,
          1,
          1,
          1,
          1,
          1,
          1,
          1,
          1,
          1,
          1,
          1,
          null,
          null,
          null,
          1,
          1,
          1,
          null,
          2,
          null,
          null,
          null,
          null,
          1,
          1,
          1,
          1,
          1,
          1,
          1,
          1,
          1,
          1,
          1,
          1,
          1,
          null,
          null,
          null,
          1,
          1,
          1,
          1,
          1,
          1,
          1,
          1,
          1,
          1,
          1,
          1,
          null,
          null,
          1,
          1,
          1,
          1,
          1,
          1,
          1,
          1,
          1,
          1,
          1,
          null,
          null,
          1,
          1,
          1,
          1,
          2,
          2,
          2,
          null,
          null,
          null
        ]
      }
    },
    "timestamp": 1687346342
  }
}
