{
  "RSpec": {
    "coverage": {
      "/Users/matthammond/Takeaway_Project/spec/customer_order_spec.rb": {
        "lines": [
          1
        ]
      },
      "/Users/matthammond/Takeaway_Project/lib/customer_order.rb": {
        "lines": [
          1,
          1,
          3,
          null,
          null,
          1,
          35,
          null,
          null,
          1,
          3,
          null,
          null,
          1,
          1,
          null,
          null,
          1,
          null,
          1,
          12,
          null,
          null,
          1,
          4,
          null,
          null
        ]
      },
      "/Users/matthammond/Takeaway_Project/spec/delivery_time_text_spec.rb": {
        "lines": [

        ]
      },
      "/Users/matthammond/Takeaway_Project/spec/integration_spec.rb": {
        "lines": [
          1,
          1,
          1,
          null,
          1,
          1,
          1,
          1,
          1,
          1,
          1,
          1,
          1,
          1,
          1,
          1,
          1,
          1,
          1,
          1,
          1,
          1,
          1,
          null,
          null,
          1,
          1,
          1,
          1,
          1,
          1,
          1,
          1,
          1,
          1,
          1,
          1,
          1,
          1,
          1,
          1,
          1,
          1,
          1,
          1,
          null,
          null,
          1,
          1,
          1,
          1,
          1,
          1,
          1,
          1,
          1,
          1,
          1,
          1,
          1,
          1,
          1,
          1,
          1,
          1,
          1,
          null,
          null,
          null
        ]
      },
      "/Users/matthammond/Takeaway_Project/lib/menu_item.rb": {
        "lines": [
          1,
          1,
          40,
          null,
          null,
          null,
          1,
          1,
          null,
          null,
          1,
          8,
          null,
          null,
          1,
          8,
          null,
          null,
          1,
          21,
          null,
          null,
          1,
          1,
          null,
          null,
          1,
          40,
          40,
          3,
          37,
          3,
          119,
          4,
          30,
          4,
          null,
          26,
          null,
          null,
          null
        ]
      },
      "/Users/matthammond/Takeaway_Project/lib/menu.rb": {
        "lines": [
          1,
          1,
          10,
          null,
          null,
          1,
          9,
          null,
          null,
          1,
          34,
          33,
          null,
          null,
          1,
          1,
          null,
          null,
          1,
          8,
          25,
          5,
          null,
          null,
          1,
          1,
          null,
          null,
          1,
          12,
          null,
          null
        ]
      },
      "/Users/matthammond/Takeaway_Project/spec/menu_item_spec.rb": {
        "lines": [
          1,
          null,
          1,
          1,
          1,
          1,
          1,
          null,
          null,
          1,
          1,
          1,
          null,
          null,
          1,
          1,
          1,
          null,
          null,
          1,
          1,
          1,
          null,
          null,
          1,
          1,
          1,
          null,
          null,
          null,
          1,
          1,
          2,
          2,
          2,
          null,
          null,
          1,
          2,
          2,
          2,
          null,
          null,
          1,
          2,
          2,
          2,
          2,
          null,
          null,
          1,
          2,
          2,
          2,
          2,
          null,
          null,
          null
        ]
      },
      "/Users/matthammond/Takeaway_Project/spec/menu_spec.rb": {
        "lines": [
          1,
          null,
          1,
          1,
          1,
          null,
          null,
          null,
          null,
          null,
          null,
          null,
          null,
          null,
          null,
          null,
          1,
          1,
          1,
          1,
          1,
          1,
          1,
          1,
          1,
          1,
          null,
          null,
          1,
          null,
          null,
          null,
          null,
          null,
          null,
          null,
          null,
          null,
          null,
          null,
          null,
          1,
          1,
          1,
          1,
          1,
          1,
          1,
          1,
          1,
          1,
          1,
          null,
          null,
          null,
          1,
          1,
          1,
          null,
          2,
          null,
          null,
          null,
          null,
          1,
          1,
          1,
          1,
          1,
          1,
          1,
          1,
          1,
          1,
          1,
          1,
          1,
          null,
          null,
          null,
          1,
          1,
          1,
          1,
          1,
          1,
          1,
          1,
          1,
          1,
          1,
          1,
          null,
          null,
          1,
          1,
          1,
          1,
          1,
          1,
          1,
          1,
          1,
          1,
          1,
          null,
          null,
          1,
          1,
          1,
          1,
          2,
          2,
          2,
          null,
          null,
          null
        ]
      }
    },
    "timestamp": 1687354780
  }
}
